Base path: C:/Program Files/Unity/Editor/Data
Pipe name: \\.\pipe\UnityShaderCompiler-64bit-3-1888
Cmd: getPlatforms
Cmd: compileSnippet
  api=8 type=0 insize=530 outsize=3380 kw= ok=1
Cmd: compileSnippet
  api=1 type=0 insize=530 outsize=567 kw=_EMISSION ok=1
Cmd: compileSnippet
  api=8 type=0 insize=530 outsize=3380 kw=_EMISSION ok=1
Cmd: compileSnippet
  api=4 type=0 insize=4022 outsize=4597 kw= ok=1
Cmd: compileSnippet
  api=8 type=0 insize=3297 outsize=3721 kw= ok=1
Cmd: compileSnippet
  api=4 type=0 insize=1163 outsize=2265 kw= ok=1
Cmd: compileSnippet
  api=8 type=0 insize=526 outsize=3380 kw= ok=1
Cmd: compileSnippet
  api=4 type=0 insize=526 outsize=2224 kw= ok=1
Cmd: compileSnippet
  api=4 type=0 insize=3008 outsize=2484 kw= ok=1
Cmd: compileSnippet
  api=4 type=0 insize=4172 outsize=4686 kw= ok=1
Cmd: compileSnippet
  api=4 type=0 insize=3282 outsize=2574 kw= ok=1
Cmd: compileSnippet
  api=1 type=0 insize=7523 outsize=1155 kw=DIRECTIONAL SHADOWS_SCREEN LIGHTMAP_OFF DIRLIGHTMAP_OFF DYNAMICLIGHTMAP_OFF ok=1
Cmd: compileSnippet
  api=4 type=0 insize=7523 outsize=6523 kw=DIRECTIONAL SHADOWS_SCREEN LIGHTMAP_OFF DIRLIGHTMAP_OFF DYNAMICLIGHTMAP_OFF VERTEXLIGHT_ON ok=1
Cmd: compileSnippet
  api=1 type=0 insize=4918 outsize=819 kw=SPOT ok=1
Cmd: compileSnippet
  api=4 type=0 insize=4918 outsize=3955 kw=POINT_COOKIE ok=1
Cmd: compileSnippet
  api=4 type=0 insize=7382 outsize=4719 kw=LIGHTMAP_OFF DIRLIGHTMAP_OFF DYNAMICLIGHTMAP_OFF HDR_LIGHT_PREPASS_OFF ok=1
Cmd: compileSnippet
  api=4 type=0 insize=4022 outsize=4597 kw= ok=1
Cmd: compileSnippet
  api=8 type=0 insize=7321 outsize=7085 kw=DIRECTIONAL SHADOWS_OFF LIGHTMAP_OFF DIRLIGHTMAP_OFF DYNAMICLIGHTMAP_OFF ok=1
Cmd: compileSnippet
  api=8 type=0 insize=7321 outsize=9393 kw=DIRECTIONAL SHADOWS_OFF LIGHTMAP_OFF DIRLIGHTMAP_OFF DYNAMICLIGHTMAP_OFF VERTEXLIGHT_ON ok=1
Cmd: compileSnippet
  api=1 type=0 insize=4905 outsize=725 kw=DIRECTIONAL ok=1
Cmd: compileSnippet
  api=4 type=0 insize=4905 outsize=3955 kw=DIRECTIONAL ok=1
Cmd: compileSnippet
  api=8 type=0 insize=4905 outsize=5688 kw=SPOT ok=1
Cmd: compileSnippet
  api=4 type=0 insize=4905 outsize=3955 kw=DIRECTIONAL_COOKIE ok=1
Cmd: compileSnippet
  api=8 type=0 insize=4010 outsize=5679 kw= ok=1
Cmd: compileSnippet
  api=8 type=0 insize=6101 outsize=5826 kw=LIGHTMAP_OFF DIRLIGHTMAP_OFF DYNAMICLIGHTMAP_OFF HDR_LIGHT_PREPASS_OFF ok=1
Cmd: compileSnippet
  api=1 type=0 insize=7240 outsize=956 kw=LIGHTMAP_OFF DIRLIGHTMAP_OFF DYNAMICLIGHTMAP_OFF UNITY_HDR_ON ok=1
Cmd: compileSnippet
  api=4 type=0 insize=7240 outsize=5011 kw=LIGHTMAP_OFF DIRLIGHTMAP_OFF DYNAMICLIGHTMAP_OFF UNITY_HDR_ON ok=1
Cmd: compileSnippet
  api=4 type=0 insize=3995 outsize=4597 kw= ok=1
Cmd: compileSnippet
  api=4 type=0 insize=7025 outsize=3663 kw=DIRECTIONAL SHADOWS_OFF LIGHTMAP_OFF DIRLIGHTMAP_OFF DYNAMICLIGHTMAP_OFF ok=1
Cmd: compileSnippet
  api=4 type=0 insize=7025 outsize=5117 kw=DIRECTIONAL SHADOWS_OFF LIGHTMAP_OFF DIRLIGHTMAP_OFF DYNAMICLIGHTMAP_OFF VERTEXLIGHT_ON ok=1
Cmd: compileSnippet
  api=8 type=0 insize=7025 outsize=6289 kw=DIRECTIONAL SHADOWS_SCREEN SHADOWS_NATIVE LIGHTMAP_OFF DIRLIGHTMAP_OFF DYNAMICLIGHTMAP_OFF ok=1
Cmd: compileSnippet
  api=1 type=0 insize=3820 outsize=339 kw=DIRECTIONAL ok=1
Cmd: compileSnippet
  api=8 type=0 insize=3820 outsize=3892 kw=DIRECTIONAL ok=1
Cmd: compileSnippet
  api=8 type=0 insize=3820 outsize=3892 kw=POINT_COOKIE ok=1
Cmd: compileSnippet
  api=1 type=0 insize=6085 outsize=707 kw=LIGHTMAP_OFF DIRLIGHTMAP_OFF DYNAMICLIGHTMAP_OFF UNITY_HDR_ON ok=1
Cmd: compileSnippet
  api=8 type=0 insize=6085 outsize=5826 kw=LIGHTMAP_OFF DIRLIGHTMAP_OFF DYNAMICLIGHTMAP_OFF UNITY_HDR_ON ok=1
Cmd: compileSnippet
  api=1 type=0 insize=6143 outsize=595 kw=LIGHTMAP_OFF DIRLIGHTMAP_OFF DYNAMICLIGHTMAP_OFF UNITY_HDR_ON ok=1
Cmd: compileSnippet
  api=4 type=0 insize=6143 outsize=3801 kw=LIGHTMAP_OFF DIRLIGHTMAP_OFF DYNAMICLIGHTMAP_OFF UNITY_HDR_ON ok=1
Cmd: compileSnippet
  api=4 type=1 insize=7025 outsize=2298 kw=DIRECTIONAL SHADOWS_OFF LIGHTMAP_OFF DIRLIGHTMAP_OFF DYNAMICLIGHTMAP_OFF ok=1
Cmd: compileSnippet
  api=1 type=1 insize=3820 outsize=515 kw=DIRECTIONAL ok=1
Cmd: compileSnippet
  api=8 type=1 insize=3820 outsize=3209 kw=DIRECTIONAL ok=1
Cmd: compileSnippet
  api=4 type=1 insize=3820 outsize=3045 kw=POINT_COOKIE ok=1
Cmd: compileSnippet
  api=4 type=1 insize=3820 outsize=2623 kw=DIRECTIONAL_COOKIE ok=1
Cmd: compileSnippet
  api=1 type=1 insize=6085 outsize=289 kw=LIGHTMAP_OFF DIRLIGHTMAP_OFF DYNAMICLIGHTMAP_OFF UNITY_HDR_ON ok=1
Cmd: compileSnippet
  api=4 type=1 insize=6085 outsize=1509 kw=LIGHTMAP_OFF DIRLIGHTMAP_OFF DYNAMICLIGHTMAP_OFF UNITY_HDR_ON ok=1
Cmd: compileSnippet
  api=1 type=1 insize=6143 outsize=321 kw=LIGHTMAP_OFF DIRLIGHTMAP_OFF DYNAMICLIGHTMAP_OFF UNITY_HDR_ON ok=1
Cmd: compileSnippet
  api=4 type=1 insize=6143 outsize=1631 kw=LIGHTMAP_OFF DIRLIGHTMAP_OFF DYNAMICLIGHTMAP_OFF UNITY_HDR_ON ok=1
Cmd: compileSnippet
  api=1 type=1 insize=7523 outsize=1031 kw=DIRECTIONAL SHADOWS_SCREEN LIGHTMAP_OFF DIRLIGHTMAP_OFF DYNAMICLIGHTMAP_OFF ok=1
Cmd: compileSnippet
  api=1 type=1 insize=4918 outsize=834 kw=DIRECTIONAL ok=1
Cmd: compileSnippet
  api=1 type=1 insize=4918 outsize=951 kw=DIRECTIONAL_COOKIE ok=1
Cmd: compileSnippet
  api=4 type=1 insize=6408 outsize=1509 kw=LIGHTMAP_OFF DIRLIGHTMAP_OFF DYNAMICLIGHTMAP_OFF UNITY_HDR_ON ok=1
Cmd: compileSnippet
  api=4 type=1 insize=7382 outsize=2655 kw=LIGHTMAP_OFF DIRLIGHTMAP_OFF DYNAMICLIGHTMAP_OFF UNITY_HDR_ON ok=1
Cmd: compileSnippet
  api=1 type=1 insize=7321 outsize=959 kw=DIRECTIONAL SHADOWS_SCREEN LIGHTMAP_OFF DIRLIGHTMAP_OFF DYNAMICLIGHTMAP_OFF ok=1
Cmd: compileSnippet
  api=4 type=1 insize=7321 outsize=3411 kw=DIRECTIONAL SHADOWS_SCREEN LIGHTMAP_OFF DIRLIGHTMAP_OFF DYNAMICLIGHTMAP_OFF ok=1
Cmd: compileSnippet
  api=1 type=1 insize=4905 outsize=849 kw=DIRECTIONAL ok=1
Cmd: compileSnippet
  api=4 type=1 insize=4905 outsize=2907 kw=DIRECTIONAL ok=1
Cmd: compileSnippet
  api=4 type=1 insize=4905 outsize=4174 kw=SPOT ok=1
Cmd: compileSnippet
  api=8 type=1 insize=4905 outsize=5866 kw=POINT_COOKIE ok=1
Cmd: compileSnippet
  api=1 type=1 insize=6101 outsize=289 kw=LIGHTMAP_OFF DIRLIGHTMAP_OFF DYNAMICLIGHTMAP_OFF UNITY_HDR_ON ok=1
Cmd: compileSnippet
  api=1 type=1 insize=7240 outsize=631 kw=LIGHTMAP_OFF DIRLIGHTMAP_OFF DYNAMICLIGHTMAP_OFF UNITY_HDR_ON ok=1
Cmd: compileSnippet
  api=4 type=1 insize=7240 outsize=2371 kw=LIGHTMAP_OFF DIRLIGHTMAP_OFF DYNAMICLIGHTMAP_OFF UNITY_HDR_ON ok=1
Unhandled exception: Readfile from pipe failed. GLE=Ha terminado la canalización.


Quitting shader compiler process
